<?xml version="1.0" encoding="UTF-8"?>
<!-- Generated by org.testng.reporters.JUnitReportReporter -->
<testsuite skipped="1" hostname="DESKTOP-9UJ8T6D" name="com.qa.facebook.tests.LoginPageTestWithDP" tests="1" failures="0" timestamp="2022-08-23T09:54:02 IST" time="0.000" errors="0">
  <testcase name="createNewContactTest" time="0.000" classname="com.qa.facebook.tests.LoginPageTestWithDP">
    <skipped/>
  </testcase> <!-- createNewContactTest -->
  <system-out/>
</testsuite> <!-- com.qa.facebook.tests.LoginPageTestWithDP -->
